<?xml version="1.0" encoding="UTF-8"?>
<!-- Generated by org.testng.reporters.JUnitReportReporter -->
<testsuite hostname="ahmad-WX-5" failures="0" tests="1" name="testing.LoginTest" time="23.249" errors="0" timestamp="2021-11-28T00:29:26 IST" skipped="0">
  <testcase classname="testing.LoginTest" name="Test1" time="23.249"/>
  <system-out/>
</testsuite> <!-- testing.LoginTest -->
